# JRE version: OpenJDK Runtime Environment Temurin-21.0.9+10 (21.0.9+10) (build 21.0.9+10-LTS)
# Java VM: OpenJDK 64-Bit Server VM Temurin-21.0.9+10 (21.0.9+10-LTS, mixed mode, sharing, tiered, compressed oops, compressed class ptrs, parallel gc, windows-amd64)
GC Precious Log:
 CardTable entry size: 512
 CPUs: 8 total, 8 available
 Memory: 5965M
 Large Page Support: Disabled
 NUMA Support: Disabled
 Compressed Oops: Enabled (32-bit)
 Alignments: Space 512K, Generation 512K, Heap 2M
 Heap Min Capacity: 100M
 Heap Initial Capacity: 100M
 Heap Max Capacity: 2G
 Pre-touch: Disabled
 Parallel Workers: 8
Heap:
 PSYoungGen      total 17920K, used 10163K [0x00000000d5580000, 0x00000000d7a00000, 0x0000000100000000)
  eden space 15360K, 49% used [0x00000000d5580000,0x00000000d5cf27b0,0x00000000d6480000)
  from space 2560K, 99% used [0x00000000d6c80000,0x00000000d6efa820,0x00000000d6f00000)
  to   space 8192K, 0% used [0x00000000d6480000,0x00000000d6480000,0x00000000d6c80000)
 ParOldGen       total 68608K, used 27995K [0x0000000080000000, 0x0000000084300000, 0x00000000d5580000)
  object space 68608K, 40% used [0x0000000080000000,0x0000000081b56e98,0x0000000084300000)
 Metaspace       used 46842K, committed 48000K, reserved 1114112K
  class space    used 5103K, committed 5568K, reserved 1048576K
GC Heap History (20 events):
Event: 36.602 GC heap before
{Heap before GC invocations=11 (full 1):
 PSYoungGen      total 25600K, used 25441K [0x00000000d5580000, 0x00000000d7300000, 0x0000000100000000)
  eden space 23552K, 100% used [0x00000000d5580000,0x00000000d6c80000,0x00000000d6c80000)
  from space 2048K, 92% used [0x00000000d6e80000,0x00000000d70586f8,0x00000000d7080000)
  to   space 2560K, 0% used [0x00000000d7080000,0x00000000d7080000,0x00000000d7300000)
 ParOldGen       total 68608K, used 13151K [0x0000000080000000, 0x0000000084300000, 0x00000000d5580000)
  object space 68608K, 19% used [0x0000000080000000,0x0000000080cd7e80,0x0000000084300000)
 Metaspace       used 29209K, committed 30272K, reserved 1114112K
  class space    used 2967K, committed 3392K, reserved 1048576K
}
Event: 36.610 GC heap after
{Heap after GC invocations=11 (full 1):
 PSYoungGen      total 25600K, used 2536K [0x00000000d5580000, 0x00000000d7400000, 0x0000000100000000)
  eden space 23040K, 0% used [0x00000000d5580000,0x00000000d5580000,0x00000000d6c00000)
  from space 2560K, 99% used [0x00000000d7080000,0x00000000d72fa2b0,0x00000000d7300000)
  to   space 4096K, 0% used [0x00000000d6c00000,0x00000000d6c00000,0x00000000d7000000)
 ParOldGen       total 68608K, used 14310K [0x0000000080000000, 0x0000000084300000, 0x00000000d5580000)
  object space 68608K, 20% used [0x0000000080000000,0x0000000080df9a68,0x0000000084300000)
 Metaspace       used 29209K, committed 30272K, reserved 1114112K
  class space    used 2967K, committed 3392K, reserved 1048576K
}
Event: 37.728 GC heap before
{Heap before GC invocations=12 (full 1):
 PSYoungGen      total 25600K, used 25576K [0x00000000d5580000, 0x00000000d7400000, 0x0000000100000000)
  eden space 23040K, 100% used [0x00000000d5580000,0x00000000d6c00000,0x00000000d6c00000)
  from space 2560K, 99% used [0x00000000d7080000,0x00000000d72fa2b0,0x00000000d7300000)
  to   space 4096K, 0% used [0x00000000d6c00000,0x00000000d6c00000,0x00000000d7000000)
 ParOldGen       total 68608K, used 14310K [0x0000000080000000, 0x0000000084300000, 0x00000000d5580000)
  object space 68608K, 20% used [0x0000000080000000,0x0000000080df9a68,0x0000000084300000)
 Metaspace       used 30282K, committed 31232K, reserved 1114112K
  class space    used 3106K, committed 3520K, reserved 1048576K
}
Event: 37.740 GC heap after
{Heap after GC invocations=12 (full 1):
 PSYoungGen      total 24064K, used 1265K [0x00000000d5580000, 0x00000000d7100000, 0x0000000100000000)
  eden space 22528K, 0% used [0x00000000d5580000,0x00000000d5580000,0x00000000d6b80000)
  from space 1536K, 82% used [0x00000000d6c00000,0x00000000d6d3c6f8,0x00000000d6d80000)
  to   space 2560K, 0% used [0x00000000d6e80000,0x00000000d6e80000,0x00000000d7100000)
 ParOldGen       total 68608K, used 16792K [0x0000000080000000, 0x0000000084300000, 0x00000000d5580000)
  object space 68608K, 24% used [0x0000000080000000,0x0000000081066338,0x0000000084300000)
 Metaspace       used 30282K, committed 31232K, reserved 1114112K
  class space    used 3106K, committed 3520K, reserved 1048576K
}
Event: 39.477 GC heap before
{Heap before GC invocations=13 (full 1):
 PSYoungGen      total 24064K, used 23783K [0x00000000d5580000, 0x00000000d7100000, 0x0000000100000000)
  eden space 22528K, 99% used [0x00000000d5580000,0x00000000d6b7d820,0x00000000d6b80000)
  from space 1536K, 82% used [0x00000000d6c00000,0x00000000d6d3c6f8,0x00000000d6d80000)
  to   space 2560K, 0% used [0x00000000d6e80000,0x00000000d6e80000,0x00000000d7100000)
 ParOldGen       total 68608K, used 16792K [0x0000000080000000, 0x0000000084300000, 0x00000000d5580000)
  object space 68608K, 24% used [0x0000000080000000,0x0000000081066338,0x0000000084300000)
 Metaspace       used 32145K, committed 33216K, reserved 1114112K
  class space    used 3309K, committed 3776K, reserved 1048576K
}
Event: 39.481 GC heap after
{Heap after GC invocations=13 (full 1):
 PSYoungGen      total 23552K, used 1205K [0x00000000d5580000, 0x00000000d7000000, 0x0000000100000000)
  eden space 22016K, 0% used [0x00000000d5580000,0x00000000d5580000,0x00000000d6b00000)
  from space 1536K, 78% used [0x00000000d6e80000,0x00000000d6fad6b0,0x00000000d7000000)
  to   space 1536K, 0% used [0x00000000d6d00000,0x00000000d6d00000,0x00000000d6e80000)
 ParOldGen       total 68608K, used 17336K [0x0000000080000000, 0x0000000084300000, 0x00000000d5580000)
  object space 68608K, 25% used [0x0000000080000000,0x00000000810ee388,0x0000000084300000)
 Metaspace       used 32145K, committed 33216K, reserved 1114112K
  class space    used 3309K, committed 3776K, reserved 1048576K
}
Event: 41.615 GC heap before
{Heap before GC invocations=14 (full 1):
 PSYoungGen      total 23552K, used 22605K [0x00000000d5580000, 0x00000000d7000000, 0x0000000100000000)
  eden space 22016K, 97% used [0x00000000d5580000,0x00000000d6a65d58,0x00000000d6b00000)
  from space 1536K, 78% used [0x00000000d6e80000,0x00000000d6fad6b0,0x00000000d7000000)
  to   space 1536K, 0% used [0x00000000d6d00000,0x00000000d6d00000,0x00000000d6e80000)
 ParOldGen       total 68608K, used 17336K [0x0000000080000000, 0x0000000084300000, 0x00000000d5580000)
  object space 68608K, 25% used [0x0000000080000000,0x00000000810ee388,0x0000000084300000)
 Metaspace       used 34816K, committed 35840K, reserved 1114112K
  class space    used 3611K, committed 4032K, reserved 1048576K
}
Event: 41.620 GC heap after
{Heap after GC invocations=14 (full 1):
 PSYoungGen      total 23552K, used 1069K [0x00000000d5580000, 0x00000000d6f00000, 0x0000000100000000)
  eden space 22016K, 0% used [0x00000000d5580000,0x00000000d5580000,0x00000000d6b00000)
  from space 1536K, 69% used [0x00000000d6d00000,0x00000000d6e0b460,0x00000000d6e80000)
  to   space 512K, 0% used [0x00000000d6e80000,0x00000000d6e80000,0x00000000d6f00000)
 ParOldGen       total 68608K, used 18302K [0x0000000080000000, 0x0000000084300000, 0x00000000d5580000)
  object space 68608K, 26% used [0x0000000080000000,0x00000000811dfa38,0x0000000084300000)
 Metaspace       used 34816K, committed 35840K, reserved 1114112K
  class space    used 3611K, committed 4032K, reserved 1048576K
}
Event: 41.620 GC heap before
{Heap before GC invocations=15 (full 2):
 PSYoungGen      total 23552K, used 1069K [0x00000000d5580000, 0x00000000d6f00000, 0x0000000100000000)
  eden space 22016K, 0% used [0x00000000d5580000,0x00000000d5580000,0x00000000d6b00000)
  from space 1536K, 69% used [0x00000000d6d00000,0x00000000d6e0b460,0x00000000d6e80000)
  to   space 512K, 0% used [0x00000000d6e80000,0x00000000d6e80000,0x00000000d6f00000)
 ParOldGen       total 68608K, used 18302K [0x0000000080000000, 0x0000000084300000, 0x00000000d5580000)
  object space 68608K, 26% used [0x0000000080000000,0x00000000811dfa38,0x0000000084300000)
 Metaspace       used 34816K, committed 35840K, reserved 1114112K
  class space    used 3611K, committed 4032K, reserved 1048576K
}
Event: 41.703 GC heap after
{Heap after GC invocations=15 (full 2):
 PSYoungGen      total 23552K, used 0K [0x00000000d5580000, 0x00000000d6f00000, 0x0000000100000000)
  eden space 22016K, 0% used [0x00000000d5580000,0x00000000d5580000,0x00000000d6b00000)
  from space 1536K, 0% used [0x00000000d6d00000,0x00000000d6d00000,0x00000000d6e80000)
  to   space 512K, 0% used [0x00000000d6e80000,0x00000000d6e80000,0x00000000d6f00000)
 ParOldGen       total 68608K, used 18762K [0x0000000080000000, 0x0000000084300000, 0x00000000d5580000)
  object space 68608K, 27% used [0x0000000080000000,0x0000000081252bf8,0x0000000084300000)
 Metaspace       used 34816K, committed 35840K, reserved 1114112K
  class space    used 3611K, committed 4032K, reserved 1048576K
}
Event: 43.228 GC heap before
{Heap before GC invocations=16 (full 2):
 PSYoungGen      total 23552K, used 22016K [0x00000000d5580000, 0x00000000d6f00000, 0x0000000100000000)
  eden space 22016K, 100% used [0x00000000d5580000,0x00000000d6b00000,0x00000000d6b00000)
  from space 1536K, 0% used [0x00000000d6d00000,0x00000000d6d00000,0x00000000d6e80000)
  to   space 512K, 0% used [0x00000000d6e80000,0x00000000d6e80000,0x00000000d6f00000)
 ParOldGen       total 68608K, used 18762K [0x0000000080000000, 0x0000000084300000, 0x00000000d5580000)
  object space 68608K, 27% used [0x0000000080000000,0x0000000081252bf8,0x0000000084300000)
 Metaspace       used 37132K, committed 38208K, reserved 1114112K
  class space    used 3923K, committed 4352K, reserved 1048576K
}
Event: 43.234 GC heap after
{Heap after GC invocations=16 (full 2):
 PSYoungGen      total 22528K, used 509K [0x00000000d5580000, 0x00000000d6f00000, 0x0000000100000000)
  eden space 22016K, 0% used [0x00000000d5580000,0x00000000d5580000,0x00000000d6b00000)
  from space 512K, 99% used [0x00000000d6e80000,0x00000000d6eff5f0,0x00000000d6f00000)
  to   space 1536K, 0% used [0x00000000d6c00000,0x00000000d6c00000,0x00000000d6d80000)
 ParOldGen       total 68608K, used 19628K [0x0000000080000000, 0x0000000084300000, 0x00000000d5580000)
  object space 68608K, 28% used [0x0000000080000000,0x000000008132b018,0x0000000084300000)
 Metaspace       used 37132K, committed 38208K, reserved 1114112K
  class space    used 3923K, committed 4352K, reserved 1048576K
}
Event: 45.028 GC heap before
{Heap before GC invocations=17 (full 2):
 PSYoungGen      total 22528K, used 22525K [0x00000000d5580000, 0x00000000d6f00000, 0x0000000100000000)
  eden space 22016K, 100% used [0x00000000d5580000,0x00000000d6b00000,0x00000000d6b00000)
  from space 512K, 99% used [0x00000000d6e80000,0x00000000d6eff5f0,0x00000000d6f00000)
  to   space 1536K, 0% used [0x00000000d6c00000,0x00000000d6c00000,0x00000000d6d80000)
 ParOldGen       total 68608K, used 19628K [0x0000000080000000, 0x0000000084300000, 0x00000000d5580000)
  object space 68608K, 28% used [0x0000000080000000,0x000000008132b018,0x0000000084300000)
 Metaspace       used 39815K, committed 41024K, reserved 1114112K
  class space    used 4234K, committed 4736K, reserved 1048576K
}
Event: 45.034 GC heap after
{Heap after GC invocations=17 (full 2):
 PSYoungGen      total 23552K, used 1481K [0x00000000d5580000, 0x00000000d6f00000, 0x0000000100000000)
  eden space 22016K, 0% used [0x00000000d5580000,0x00000000d5580000,0x00000000d6b00000)
  from space 1536K, 96% used [0x00000000d6c00000,0x00000000d6d72588,0x00000000d6d80000)
  to   space 1536K, 0% used [0x00000000d6d80000,0x00000000d6d80000,0x00000000d6f00000)
 ParOldGen       total 68608K, used 20158K [0x0000000080000000, 0x0000000084300000, 0x00000000d5580000)
  object space 68608K, 29% used [0x0000000080000000,0x00000000813afa18,0x0000000084300000)
 Metaspace       used 39815K, committed 41024K, reserved 1114112K
  class space    used 4234K, committed 4736K, reserved 1048576K
}
Event: 47.047 GC heap before
{Heap before GC invocations=18 (full 2):
 PSYoungGen      total 23552K, used 23497K [0x00000000d5580000, 0x00000000d6f00000, 0x0000000100000000)
  eden space 22016K, 100% used [0x00000000d5580000,0x00000000d6b00000,0x00000000d6b00000)
  from space 1536K, 96% used [0x00000000d6c00000,0x00000000d6d72588,0x00000000d6d80000)
  to   space 1536K, 0% used [0x00000000d6d80000,0x00000000d6d80000,0x00000000d6f00000)
 ParOldGen       total 68608K, used 20158K [0x0000000080000000, 0x0000000084300000, 0x00000000d5580000)
  object space 68608K, 29% used [0x0000000080000000,0x00000000813afa18,0x0000000084300000)
 Metaspace       used 42131K, committed 43392K, reserved 1114112K
  class space    used 4564K, committed 5056K, reserved 1048576K
}
Event: 47.052 GC heap after
{Heap after GC invocations=18 (full 2):
 PSYoungGen      total 22528K, used 1536K [0x00000000d5580000, 0x00000000d7200000, 0x0000000100000000)
  eden space 20992K, 0% used [0x00000000d5580000,0x00000000d5580000,0x00000000d6a00000)
  from space 1536K, 100% used [0x00000000d6d80000,0x00000000d6f00000,0x00000000d6f00000)
  to   space 3584K, 0% used [0x00000000d6a00000,0x00000000d6a00000,0x00000000d6d80000)
 ParOldGen       total 68608K, used 21856K [0x0000000080000000, 0x0000000084300000, 0x00000000d5580000)
  object space 68608K, 31% used [0x0000000080000000,0x00000000815581f0,0x0000000084300000)
 Metaspace       used 42131K, committed 43392K, reserved 1114112K
  class space    used 4564K, committed 5056K, reserved 1048576K
}
Event: 49.565 GC heap before
{Heap before GC invocations=19 (full 2):
 PSYoungGen      total 22528K, used 22528K [0x00000000d5580000, 0x00000000d7200000, 0x0000000100000000)
  eden space 20992K, 100% used [0x00000000d5580000,0x00000000d6a00000,0x00000000d6a00000)
  from space 1536K, 100% used [0x00000000d6d80000,0x00000000d6f00000,0x00000000d6f00000)
  to   space 3584K, 0% used [0x00000000d6a00000,0x00000000d6a00000,0x00000000d6d80000)
 ParOldGen       total 68608K, used 21856K [0x0000000080000000, 0x0000000084300000, 0x00000000d5580000)
  object space 68608K, 31% used [0x0000000080000000,0x00000000815581f0,0x0000000084300000)
 Metaspace       used 44774K, committed 45952K, reserved 1114112K
  class space    used 4866K, committed 5376K, reserved 1048576K
}
Event: 49.573 GC heap after
{Heap after GC invocations=19 (full 2):
 PSYoungGen      total 22528K, used 1472K [0x00000000d5580000, 0x00000000d6f00000, 0x0000000100000000)
  eden space 20992K, 0% used [0x00000000d5580000,0x00000000d5580000,0x00000000d6a00000)
  from space 1536K, 95% used [0x00000000d6a00000,0x00000000d6b70000,0x00000000d6b80000)
  to   space 2560K, 0% used [0x00000000d6c80000,0x00000000d6c80000,0x00000000d6f00000)
 ParOldGen       total 68608K, used 23344K [0x0000000080000000, 0x0000000084300000, 0x00000000d5580000)
  object space 68608K, 34% used [0x0000000080000000,0x00000000816cc1f0,0x0000000084300000)
 Metaspace       used 44774K, committed 45952K, reserved 1114112K
  class space    used 4866K, committed 5376K, reserved 1048576K
}
Event: 89.082 GC heap before
{Heap before GC invocations=20 (full 2):
 PSYoungGen      total 22528K, used 22464K [0x00000000d5580000, 0x00000000d6f00000, 0x0000000100000000)
  eden space 20992K, 100% used [0x00000000d5580000,0x00000000d6a00000,0x00000000d6a00000)
  from space 1536K, 95% used [0x00000000d6a00000,0x00000000d6b70000,0x00000000d6b80000)
  to   space 2560K, 0% used [0x00000000d6c80000,0x00000000d6c80000,0x00000000d6f00000)
 ParOldGen       total 68608K, used 23344K [0x0000000080000000, 0x0000000084300000, 0x00000000d5580000)
  object space 68608K, 34% used [0x0000000080000000,0x00000000816cc1f0,0x0000000084300000)
 Metaspace       used 46048K, committed 47232K, reserved 1114112K
  class space    used 5021K, committed 5504K, reserved 1048576K
}
Event: 90.152 GC heap after
{Heap after GC invocations=20 (full 2):
 PSYoungGen      total 17920K, used 2538K [0x00000000d5580000, 0x00000000d7a00000, 0x0000000100000000)
  eden space 15360K, 0% used [0x00000000d5580000,0x00000000d5580000,0x00000000d6480000)
  from space 2560K, 99% used [0x00000000d6c80000,0x00000000d6efa820,0x00000000d6f00000)
  to   space 8192K, 0% used [0x00000000d6480000,0x00000000d6480000,0x00000000d6c80000)
 ParOldGen       total 68608K, used 27995K [0x0000000080000000, 0x0000000084300000, 0x00000000d5580000)
  object space 68608K, 40% used [0x0000000080000000,0x0000000081b56e98,0x0000000084300000)
 Metaspace       used 46048K, committed 47232K, reserved 1114112K
  class space    used 5021K, committed 5504K, reserved 1048576K
}

