# JRE version: OpenJDK Runtime Environment Temurin-21.0.9+10 (21.0.9+10) (build 21.0.9+10-LTS)
# Java VM: OpenJDK 64-Bit Server VM Temurin-21.0.9+10 (21.0.9+10-LTS, mixed mode, sharing, tiered, compressed oops, compressed class ptrs, parallel gc, windows-amd64)
GC Precious Log:
 CardTable entry size: 512
 CPUs: 8 total, 8 available
 Memory: 5965M
 Large Page Support: Disabled
 NUMA Support: Disabled
 Compressed Oops: Enabled (32-bit)
 Alignments: Space 512K, Generation 512K, Heap 2M
 Heap Min Capacity: 100M
 Heap Initial Capacity: 100M
 Heap Max Capacity: 2G
 Pre-touch: Disabled
 Parallel Workers: 8
Heap:
 PSYoungGen      total 11776K, used 9684K [0x00000000d5580000, 0x00000000d7080000, 0x0000000100000000)
  eden space 10240K, 79% used [0x00000000d5580000,0x00000000d5d7cd60,0x00000000d5f80000)
  from space 1536K, 97% used [0x00000000d5f80000,0x00000000d60f8428,0x00000000d6100000)
  to   space 8704K, 0% used [0x00000000d6800000,0x00000000d6800000,0x00000000d7080000)
 ParOldGen       total 720896K, used 720723K [0x0000000080000000, 0x00000000ac000000, 0x00000000d5580000)
  object space 720896K, 99% used [0x0000000080000000,0x00000000abfd4c40,0x00000000ac000000)
 Metaspace       used 73036K, committed 74560K, reserved 1179648K
  class space    used 7706K, committed 8384K, reserved 1048576K
GC Heap History (20 events):
Event: 85.007 GC heap before
{Heap before GC invocations=1083 (full 3):
 PSYoungGen      total 11776K, used 10848K [0x00000000d5580000, 0x00000000d6300000, 0x0000000100000000)
  eden space 10240K, 100% used [0x00000000d5580000,0x00000000d5f80000,0x00000000d5f80000)
  from space 1536K, 39% used [0x00000000d6080000,0x00000000d6118000,0x00000000d6200000)
  to   space 1024K, 0% used [0x00000000d6200000,0x00000000d6200000,0x00000000d6300000)
 ParOldGen       total 707072K, used 706933K [0x0000000080000000, 0x00000000ab280000, 0x00000000d5580000)
  object space 707072K, 99% used [0x0000000080000000,0x00000000ab25d748,0x00000000ab280000)
 Metaspace       used 72531K, committed 74112K, reserved 1179648K
  class space    used 7667K, committed 8384K, reserved 1048576K
}
Event: 85.009 GC heap after
{Heap after GC invocations=1083 (full 3):
 PSYoungGen      total 11264K, used 640K [0x00000000d5580000, 0x00000000d6300000, 0x0000000100000000)
  eden space 10240K, 0% used [0x00000000d5580000,0x00000000d5580000,0x00000000d5f80000)
  from space 1024K, 62% used [0x00000000d6200000,0x00000000d62a0000,0x00000000d6300000)
  to   space 1024K, 0% used [0x00000000d6100000,0x00000000d6100000,0x00000000d6200000)
 ParOldGen       total 707584K, used 707125K [0x0000000080000000, 0x00000000ab300000, 0x00000000d5580000)
  object space 707584K, 99% used [0x0000000080000000,0x00000000ab28d748,0x00000000ab300000)
 Metaspace       used 72531K, committed 74112K, reserved 1179648K
  class space    used 7667K, committed 8384K, reserved 1048576K
}
Event: 85.038 GC heap before
{Heap before GC invocations=1084 (full 3):
 PSYoungGen      total 11264K, used 10880K [0x00000000d5580000, 0x00000000d6300000, 0x0000000100000000)
  eden space 10240K, 100% used [0x00000000d5580000,0x00000000d5f80000,0x00000000d5f80000)
  from space 1024K, 62% used [0x00000000d6200000,0x00000000d62a0000,0x00000000d6300000)
  to   space 1024K, 0% used [0x00000000d6100000,0x00000000d6100000,0x00000000d6200000)
 ParOldGen       total 707584K, used 707125K [0x0000000080000000, 0x00000000ab300000, 0x00000000d5580000)
  object space 707584K, 99% used [0x0000000080000000,0x00000000ab28d748,0x00000000ab300000)
 Metaspace       used 72545K, committed 74112K, reserved 1179648K
  class space    used 7667K, committed 8384K, reserved 1048576K
}
Event: 85.042 GC heap after
{Heap after GC invocations=1084 (full 3):
 PSYoungGen      total 11264K, used 992K [0x00000000d5580000, 0x00000000d6380000, 0x0000000100000000)
  eden space 10240K, 0% used [0x00000000d5580000,0x00000000d5580000,0x00000000d5f80000)
  from space 1024K, 96% used [0x00000000d6100000,0x00000000d61f8020,0x00000000d6200000)
  to   space 1536K, 0% used [0x00000000d6200000,0x00000000d6200000,0x00000000d6380000)
 ParOldGen       total 708096K, used 707877K [0x0000000080000000, 0x00000000ab380000, 0x00000000d5580000)
  object space 708096K, 99% used [0x0000000080000000,0x00000000ab349540,0x00000000ab380000)
 Metaspace       used 72545K, committed 74112K, reserved 1179648K
  class space    used 7667K, committed 8384K, reserved 1048576K
}
Event: 85.103 GC heap before
{Heap before GC invocations=1085 (full 3):
 PSYoungGen      total 11264K, used 11232K [0x00000000d5580000, 0x00000000d6380000, 0x0000000100000000)
  eden space 10240K, 100% used [0x00000000d5580000,0x00000000d5f80000,0x00000000d5f80000)
  from space 1024K, 96% used [0x00000000d6100000,0x00000000d61f8020,0x00000000d6200000)
  to   space 1536K, 0% used [0x00000000d6200000,0x00000000d6200000,0x00000000d6380000)
 ParOldGen       total 708096K, used 707877K [0x0000000080000000, 0x00000000ab380000, 0x00000000d5580000)
  object space 708096K, 99% used [0x0000000080000000,0x00000000ab349540,0x00000000ab380000)
 Metaspace       used 72617K, committed 74176K, reserved 1179648K
  class space    used 7670K, committed 8384K, reserved 1048576K
}
Event: 85.106 GC heap after
{Heap after GC invocations=1085 (full 3):
 PSYoungGen      total 11776K, used 1120K [0x00000000d5580000, 0x00000000d6380000, 0x0000000100000000)
  eden space 10240K, 0% used [0x00000000d5580000,0x00000000d5580000,0x00000000d5f80000)
  from space 1536K, 72% used [0x00000000d6200000,0x00000000d6318020,0x00000000d6380000)
  to   space 1536K, 0% used [0x00000000d6080000,0x00000000d6080000,0x00000000d6200000)
 ParOldGen       total 709120K, used 708861K [0x0000000080000000, 0x00000000ab480000, 0x00000000d5580000)
  object space 709120K, 99% used [0x0000000080000000,0x00000000ab43f570,0x00000000ab480000)
 Metaspace       used 72617K, committed 74176K, reserved 1179648K
  class space    used 7670K, committed 8384K, reserved 1048576K
}
Event: 85.152 GC heap before
{Heap before GC invocations=1086 (full 3):
 PSYoungGen      total 11776K, used 11360K [0x00000000d5580000, 0x00000000d6380000, 0x0000000100000000)
  eden space 10240K, 100% used [0x00000000d5580000,0x00000000d5f80000,0x00000000d5f80000)
  from space 1536K, 72% used [0x00000000d6200000,0x00000000d6318020,0x00000000d6380000)
  to   space 1536K, 0% used [0x00000000d6080000,0x00000000d6080000,0x00000000d6200000)
 ParOldGen       total 709120K, used 708861K [0x0000000080000000, 0x00000000ab480000, 0x00000000d5580000)
  object space 709120K, 99% used [0x0000000080000000,0x00000000ab43f570,0x00000000ab480000)
 Metaspace       used 72638K, committed 74176K, reserved 1179648K
  class space    used 7671K, committed 8384K, reserved 1048576K
}
Event: 85.155 GC heap after
{Heap after GC invocations=1086 (full 3):
 PSYoungGen      total 11776K, used 1456K [0x00000000d5580000, 0x00000000d6280000, 0x0000000100000000)
  eden space 10240K, 0% used [0x00000000d5580000,0x00000000d5580000,0x00000000d5f80000)
  from space 1536K, 94% used [0x00000000d6080000,0x00000000d61ec010,0x00000000d6200000)
  to   space 512K, 0% used [0x00000000d6200000,0x00000000d6200000,0x00000000d6280000)
 ParOldGen       total 710144K, used 709870K [0x0000000080000000, 0x00000000ab580000, 0x00000000d5580000)
  object space 710144K, 99% used [0x0000000080000000,0x00000000ab53b950,0x00000000ab580000)
 Metaspace       used 72638K, committed 74176K, reserved 1179648K
  class space    used 7671K, committed 8384K, reserved 1048576K
}
Event: 85.236 GC heap before
{Heap before GC invocations=1087 (full 3):
 PSYoungGen      total 11776K, used 11696K [0x00000000d5580000, 0x00000000d6280000, 0x0000000100000000)
  eden space 10240K, 100% used [0x00000000d5580000,0x00000000d5f80000,0x00000000d5f80000)
  from space 1536K, 94% used [0x00000000d6080000,0x00000000d61ec010,0x00000000d6200000)
  to   space 512K, 0% used [0x00000000d6200000,0x00000000d6200000,0x00000000d6280000)
 ParOldGen       total 710144K, used 709870K [0x0000000080000000, 0x00000000ab580000, 0x00000000d5580000)
  object space 710144K, 99% used [0x0000000080000000,0x00000000ab53b950,0x00000000ab580000)
 Metaspace       used 72675K, committed 74240K, reserved 1179648K
  class space    used 7672K, committed 8384K, reserved 1048576K
}
Event: 85.240 GC heap after
{Heap after GC invocations=1087 (full 3):
 PSYoungGen      total 10752K, used 512K [0x00000000d5580000, 0x00000000d6480000, 0x0000000100000000)
  eden space 10240K, 0% used [0x00000000d5580000,0x00000000d5580000,0x00000000d5f80000)
  from space 512K, 100% used [0x00000000d6200000,0x00000000d6280000,0x00000000d6280000)
  to   space 2560K, 0% used [0x00000000d5f80000,0x00000000d5f80000,0x00000000d6200000)
 ParOldGen       total 711680K, used 711631K [0x0000000080000000, 0x00000000ab700000, 0x00000000d5580000)
  object space 711680K, 99% used [0x0000000080000000,0x00000000ab6f3fb0,0x00000000ab700000)
 Metaspace       used 72675K, committed 74240K, reserved 1179648K
  class space    used 7672K, committed 8384K, reserved 1048576K
}
Event: 85.285 GC heap before
{Heap before GC invocations=1088 (full 3):
 PSYoungGen      total 10752K, used 10752K [0x00000000d5580000, 0x00000000d6480000, 0x0000000100000000)
  eden space 10240K, 100% used [0x00000000d5580000,0x00000000d5f80000,0x00000000d5f80000)
  from space 512K, 100% used [0x00000000d6200000,0x00000000d6280000,0x00000000d6280000)
  to   space 2560K, 0% used [0x00000000d5f80000,0x00000000d5f80000,0x00000000d6200000)
 ParOldGen       total 711680K, used 711631K [0x0000000080000000, 0x00000000ab700000, 0x00000000d5580000)
  object space 711680K, 99% used [0x0000000080000000,0x00000000ab6f3fb0,0x00000000ab700000)
 Metaspace       used 72698K, committed 74240K, reserved 1179648K
  class space    used 7672K, committed 8384K, reserved 1048576K
}
Event: 85.288 GC heap after
{Heap after GC invocations=1088 (full 3):
 PSYoungGen      total 11776K, used 1360K [0x00000000d5580000, 0x00000000d6380000, 0x0000000100000000)
  eden space 10240K, 0% used [0x00000000d5580000,0x00000000d5580000,0x00000000d5f80000)
  from space 1536K, 88% used [0x00000000d5f80000,0x00000000d60d4010,0x00000000d6100000)
  to   space 2048K, 0% used [0x00000000d6180000,0x00000000d6180000,0x00000000d6380000)
 ParOldGen       total 712192K, used 712178K [0x0000000080000000, 0x00000000ab780000, 0x00000000d5580000)
  object space 712192K, 99% used [0x0000000080000000,0x00000000ab77cba0,0x00000000ab780000)
 Metaspace       used 72698K, committed 74240K, reserved 1179648K
  class space    used 7672K, committed 8384K, reserved 1048576K
}
Event: 85.340 GC heap before
{Heap before GC invocations=1089 (full 3):
 PSYoungGen      total 11776K, used 11600K [0x00000000d5580000, 0x00000000d6380000, 0x0000000100000000)
  eden space 10240K, 100% used [0x00000000d5580000,0x00000000d5f80000,0x00000000d5f80000)
  from space 1536K, 88% used [0x00000000d5f80000,0x00000000d60d4010,0x00000000d6100000)
  to   space 2048K, 0% used [0x00000000d6180000,0x00000000d6180000,0x00000000d6380000)
 ParOldGen       total 712192K, used 712178K [0x0000000080000000, 0x00000000ab780000, 0x00000000d5580000)
  object space 712192K, 99% used [0x0000000080000000,0x00000000ab77cba0,0x00000000ab780000)
 Metaspace       used 72724K, committed 74240K, reserved 1179648K
  class space    used 7673K, committed 8384K, reserved 1048576K
}
Event: 85.344 GC heap after
{Heap after GC invocations=1089 (full 3):
 PSYoungGen      total 11264K, used 832K [0x00000000d5580000, 0x00000000d6280000, 0x0000000100000000)
  eden space 10240K, 0% used [0x00000000d5580000,0x00000000d5580000,0x00000000d5f80000)
  from space 1024K, 81% used [0x00000000d6180000,0x00000000d6250020,0x00000000d6280000)
  to   space 1536K, 0% used [0x00000000d5f80000,0x00000000d5f80000,0x00000000d6100000)
 ParOldGen       total 713728K, used 713436K [0x0000000080000000, 0x00000000ab900000, 0x00000000d5580000)
  object space 713728K, 99% used [0x0000000080000000,0x00000000ab8b72f0,0x00000000ab900000)
 Metaspace       used 72724K, committed 74240K, reserved 1179648K
  class space    used 7673K, committed 8384K, reserved 1048576K
}
Event: 85.405 GC heap before
{Heap before GC invocations=1090 (full 3):
 PSYoungGen      total 11264K, used 11072K [0x00000000d5580000, 0x00000000d6280000, 0x0000000100000000)
  eden space 10240K, 100% used [0x00000000d5580000,0x00000000d5f80000,0x00000000d5f80000)
  from space 1024K, 81% used [0x00000000d6180000,0x00000000d6250020,0x00000000d6280000)
  to   space 1536K, 0% used [0x00000000d5f80000,0x00000000d5f80000,0x00000000d6100000)
 ParOldGen       total 713728K, used 713436K [0x0000000080000000, 0x00000000ab900000, 0x00000000d5580000)
  object space 713728K, 99% used [0x0000000080000000,0x00000000ab8b72f0,0x00000000ab900000)
 Metaspace       used 72746K, committed 74304K, reserved 1179648K
  class space    used 7673K, committed 8384K, reserved 1048576K
}
Event: 85.409 GC heap after
{Heap after GC invocations=1090 (full 3):
 PSYoungGen      total 11776K, used 1280K [0x00000000d5580000, 0x00000000d6280000, 0x0000000100000000)
  eden space 10240K, 0% used [0x00000000d5580000,0x00000000d5580000,0x00000000d5f80000)
  from space 1536K, 83% used [0x00000000d5f80000,0x00000000d60c0000,0x00000000d6100000)
  to   space 1536K, 0% used [0x00000000d6100000,0x00000000d6100000,0x00000000d6280000)
 ParOldGen       total 714240K, used 714200K [0x0000000080000000, 0x00000000ab980000, 0x00000000d5580000)
  object space 714240K, 99% used [0x0000000080000000,0x00000000ab976340,0x00000000ab980000)
 Metaspace       used 72746K, committed 74304K, reserved 1179648K
  class space    used 7673K, committed 8384K, reserved 1048576K
}
Event: 85.457 GC heap before
{Heap before GC invocations=1091 (full 3):
 PSYoungGen      total 11776K, used 11520K [0x00000000d5580000, 0x00000000d6280000, 0x0000000100000000)
  eden space 10240K, 100% used [0x00000000d5580000,0x00000000d5f80000,0x00000000d5f80000)
  from space 1536K, 83% used [0x00000000d5f80000,0x00000000d60c0000,0x00000000d6100000)
  to   space 1536K, 0% used [0x00000000d6100000,0x00000000d6100000,0x00000000d6280000)
 ParOldGen       total 714240K, used 714200K [0x0000000080000000, 0x00000000ab980000, 0x00000000d5580000)
  object space 714240K, 99% used [0x0000000080000000,0x00000000ab976340,0x00000000ab980000)
 Metaspace       used 72751K, committed 74304K, reserved 1179648K
  class space    used 7673K, committed 8384K, reserved 1048576K
}
Event: 85.461 GC heap after
{Heap after GC invocations=1091 (full 3):
 PSYoungGen      total 11776K, used 1056K [0x00000000d5580000, 0x00000000d6280000, 0x0000000100000000)
  eden space 10240K, 0% used [0x00000000d5580000,0x00000000d5580000,0x00000000d5f80000)
  from space 1536K, 68% used [0x00000000d6100000,0x00000000d6208000,0x00000000d6280000)
  to   space 1536K, 0% used [0x00000000d5f80000,0x00000000d5f80000,0x00000000d6100000)
 ParOldGen       total 715264K, used 714832K [0x0000000080000000, 0x00000000aba80000, 0x00000000d5580000)
  object space 715264K, 99% used [0x0000000080000000,0x00000000aba14350,0x00000000aba80000)
 Metaspace       used 72751K, committed 74304K, reserved 1179648K
  class space    used 7673K, committed 8384K, reserved 1048576K
}
Event: 85.566 GC heap before
{Heap before GC invocations=1092 (full 3):
 PSYoungGen      total 11776K, used 11296K [0x00000000d5580000, 0x00000000d6280000, 0x0000000100000000)
  eden space 10240K, 100% used [0x00000000d5580000,0x00000000d5f80000,0x00000000d5f80000)
  from space 1536K, 68% used [0x00000000d6100000,0x00000000d6208000,0x00000000d6280000)
  to   space 1536K, 0% used [0x00000000d5f80000,0x00000000d5f80000,0x00000000d6100000)
 ParOldGen       total 715264K, used 714832K [0x0000000080000000, 0x00000000aba80000, 0x00000000d5580000)
  object space 715264K, 99% used [0x0000000080000000,0x00000000aba14350,0x00000000aba80000)
 Metaspace       used 72832K, committed 74368K, reserved 1179648K
  class space    used 7684K, committed 8384K, reserved 1048576K
}
Event: 85.572 GC heap after
{Heap after GC invocations=1092 (full 3):
 PSYoungGen      total 11776K, used 1505K [0x00000000d5580000, 0x00000000d7080000, 0x0000000100000000)
  eden space 10240K, 0% used [0x00000000d5580000,0x00000000d5580000,0x00000000d5f80000)
  from space 1536K, 97% used [0x00000000d5f80000,0x00000000d60f8428,0x00000000d6100000)
  to   space 8704K, 0% used [0x00000000d6800000,0x00000000d6800000,0x00000000d7080000)
 ParOldGen       total 720896K, used 720723K [0x0000000080000000, 0x00000000ac000000, 0x00000000d5580000)
  object space 720896K, 99% used [0x0000000080000000,0x00000000abfd4c40,0x00000000ac000000)
 Metaspace       used 72832K, committed 74368K, reserved 1179648K
  class space    used 7684K, committed 8384K, reserved 1048576K
}

